This is pdfTeX, Version 3.14159265-2.6-1.40.20 (TeX Live 2019/Debian) (preloaded format=pdflatex 2020.10.2)  28 APR 2022 20:50
entering extended mode
 restricted \write18 enabled.
 %&-line parsing enabled.
**./images.tex
(./images.tex
LaTeX2e <2020-02-02> patch level 2
L3 programming layer <2020-02-14>
(/usr/share/texlive/texmf-dist/tex/latex/base/article.cls
Document Class: article 2019/12/20 v1.4l Standard LaTeX document class
(/usr/share/texlive/texmf-dist/tex/latex/base/size12.clo
File: size12.clo 2019/12/20 v1.4l Standard LaTeX file (size option)
)
\c@part=\count167
\c@section=\count168
\c@subsection=\count169
\c@subsubsection=\count170
\c@paragraph=\count171
\c@subparagraph=\count172
\c@figure=\count173
\c@table=\count174
\abovecaptionskip=\skip47
\belowcaptionskip=\skip48
\bibindent=\dimen134
) (/usr/share/texlive/texmf-dist/tex/latex/base/ifthen.sty
Package: ifthen 2014/09/29 v1.1c Standard LaTeX ifthen package (DPC)
) (/usr/share/texlive/texmf-dist/tex/latex/caption/caption.sty
Package: caption 2020/01/03 v3.4h Customizing captions (AR)
(/usr/share/texlive/texmf-dist/tex/latex/caption/caption3.sty
Package: caption3 2020/01/03 v1.8h caption3 kernel (AR)
Package caption3 Info: TeX engine: e-TeX on input line 61.
(/usr/share/texlive/texmf-dist/tex/latex/graphics/keyval.sty
Package: keyval 2014/10/28 v1.15 key=value parser (DPC)
\KV@toks@=\toks14
)
\captionmargin=\dimen135
\captionmargin@=\dimen136
\captionwidth=\dimen137
\caption@tempdima=\dimen138
\caption@indent=\dimen139
\caption@parindent=\dimen140
\caption@hangindent=\dimen141
Package caption Info: Standard document class detected.
)
\c@caption@flags=\count175
\c@continuedfloat=\count176
) (/usr/share/texlive/texmf-dist/tex/latex/graphics/graphicx.sty
Package: graphicx 2019/11/30 v1.2a Enhanced LaTeX Graphics (DPC,SPQR)
(/usr/share/texlive/texmf-dist/tex/latex/graphics/graphics.sty
Package: graphics 2019/11/30 v1.4a Standard LaTeX Graphics (DPC,SPQR)
(/usr/share/texlive/texmf-dist/tex/latex/graphics/trig.sty
Package: trig 2016/01/03 v1.10 sin cos tan (DPC)
) (/usr/share/texlive/texmf-dist/tex/latex/graphics-cfg/graphics.cfg
File: graphics.cfg 2016/06/04 v1.11 sample graphics configuration
)
Package graphics Info: Driver file: pdftex.def on input line 105.
(/usr/share/texlive/texmf-dist/tex/latex/graphics-def/pdftex.def
File: pdftex.def 2018/01/08 v1.0l Graphics/color driver for pdftex
))
\Gin@req@height=\dimen142
\Gin@req@width=\dimen143
) (/usr/share/texlive/texmf-dist/tex/latex/hyperref/hyperref.sty
Package: hyperref 2020/01/14 v7.00d Hypertext links for LaTeX
(/usr/share/texlive/texmf-dist/tex/generic/ltxcmds/ltxcmds.sty
Package: ltxcmds 2019/12/15 v1.24 LaTeX kernel commands for general use (HO)
) (/usr/share/texlive/texmf-dist/tex/generic/iftex/iftex.sty
Package: iftex 2019/11/07 v1.0c TeX engine tests
) (/usr/share/texlive/texmf-dist/tex/latex/pdftexcmds/pdftexcmds.sty
Package: pdftexcmds 2019/11/24 v0.31 Utility functions of pdfTeX for LuaTeX (HO
)
(/usr/share/texlive/texmf-dist/tex/generic/infwarerr/infwarerr.sty
Package: infwarerr 2019/12/03 v1.5 Providing info/warning/error messages (HO)
)
Package pdftexcmds Info: \pdf@primitive is available.
Package pdftexcmds Info: \pdf@ifprimitive is available.
Package pdftexcmds Info: \pdfdraftmode found.
) (/usr/share/texlive/texmf-dist/tex/generic/kvsetkeys/kvsetkeys.sty
Package: kvsetkeys 2019/12/15 v1.18 Key value parser (HO)
) (/usr/share/texlive/texmf-dist/tex/generic/kvdefinekeys/kvdefinekeys.sty
Package: kvdefinekeys 2019-12-19 v1.6 Define keys (HO)
) (/usr/share/texlive/texmf-dist/tex/generic/pdfescape/pdfescape.sty
Package: pdfescape 2019/12/09 v1.15 Implements pdfTeX's escape features (HO)
) (/usr/share/texlive/texmf-dist/tex/latex/hycolor/hycolor.sty
Package: hycolor 2020-01-27 v1.10 Color options for hyperref/bookmark (HO)
) (/usr/share/texlive/texmf-dist/tex/latex/letltxmacro/letltxmacro.sty
Package: letltxmacro 2019/12/03 v1.6 Let assignment for LaTeX macros (HO)
) (/usr/share/texlive/texmf-dist/tex/latex/auxhook/auxhook.sty
Package: auxhook 2019-12-17 v1.6 Hooks for auxiliary files (HO)
) (/usr/share/texlive/texmf-dist/tex/latex/kvoptions/kvoptions.sty
Package: kvoptions 2019/11/29 v3.13 Key value format for package options (HO)
)
\@linkdim=\dimen144
\Hy@linkcounter=\count177
\Hy@pagecounter=\count178
(/usr/share/texlive/texmf-dist/tex/latex/hyperref/pd1enc.def
File: pd1enc.def 2020/01/14 v7.00d Hyperref: PDFDocEncoding definition (HO)
Now handling font encoding PD1 ...
... no UTF-8 mapping file for font encoding PD1
) (/usr/share/texlive/texmf-dist/tex/generic/intcalc/intcalc.sty
Package: intcalc 2019/12/15 v1.3 Expandable calculations with integers (HO)
) (/usr/share/texlive/texmf-dist/tex/generic/etexcmds/etexcmds.sty
Package: etexcmds 2019/12/15 v1.7 Avoid name clashes with e-TeX commands (HO)
)
\Hy@SavedSpaceFactor=\count179
\pdfmajorversion=\count180
Package hyperref Info: Hyper figures OFF on input line 4547.
Package hyperref Info: Link nesting OFF on input line 4552.
Package hyperref Info: Hyper index ON on input line 4555.
Package hyperref Info: Plain pages OFF on input line 4562.
Package hyperref Info: Backreferencing OFF on input line 4567.
Package hyperref Info: Implicit mode ON; LaTeX internals redefined.
Package hyperref Info: Bookmarks ON on input line 4800.
\c@Hy@tempcnt=\count181
(/usr/share/texlive/texmf-dist/tex/latex/url/url.sty
\Urlmuskip=\muskip16
Package: url 2013/09/16  ver 3.4  Verb mode for urls, etc.
)
LaTeX Info: Redefining \url on input line 5159.
\XeTeXLinkMargin=\dimen145
(/usr/share/texlive/texmf-dist/tex/generic/bitset/bitset.sty
Package: bitset 2019/12/09 v1.3 Handle bit-vector datatype (HO)
(/usr/share/texlive/texmf-dist/tex/generic/bigintcalc/bigintcalc.sty
Package: bigintcalc 2019/12/15 v1.5 Expandable calculations on big integers (HO
)
))
\Fld@menulength=\count182
\Field@Width=\dimen146
\Fld@charsize=\dimen147
Package hyperref Info: Hyper figures OFF on input line 6430.
Package hyperref Info: Link nesting OFF on input line 6435.
Package hyperref Info: Hyper index ON on input line 6438.
Package hyperref Info: backreferencing OFF on input line 6445.
Package hyperref Info: Link coloring OFF on input line 6450.
Package hyperref Info: Link coloring with OCG OFF on input line 6455.
Package hyperref Info: PDF/A mode OFF on input line 6460.
LaTeX Info: Redefining \ref on input line 6500.
LaTeX Info: Redefining \pageref on input line 6504.
(/usr/share/texlive/texmf-dist/tex/generic/atbegshi/atbegshi.sty
Package: atbegshi 2019/12/05 v1.19 At begin shipout hook (HO)
)
\Hy@abspage=\count183
\c@Item=\count184
\c@Hfootnote=\count185
)
Package hyperref Info: Driver (autodetected): hpdftex.
(/usr/share/texlive/texmf-dist/tex/latex/hyperref/hpdftex.def
File: hpdftex.def 2020/01/14 v7.00d Hyperref driver for pdfTeX
(/usr/share/texlive/texmf-dist/tex/latex/atveryend/atveryend.sty
Package: atveryend 2019-12-11 v1.11 Hooks at the very end of document (HO)
Package atveryend Info: \enddocument detected (standard20110627).
)
\Fld@listcount=\count186
\c@bookmark@seq@number=\count187
(/usr/share/texlive/texmf-dist/tex/latex/rerunfilecheck/rerunfilecheck.sty
Package: rerunfilecheck 2019/12/05 v1.9 Rerun checks for auxiliary files (HO)
(/usr/share/texlive/texmf-dist/tex/generic/uniquecounter/uniquecounter.sty
Package: uniquecounter 2019/12/15 v1.4 Provide unlimited unique counter (HO)
)
Package uniquecounter Info: New unique counter `rerunfilecheck' on input line 2
86.
)
\Hy@SectionHShift=\skip49
) (/usr/share/texlive/texmf-dist/tex/generic/babel/babel.sty
Package: babel 2020/02/14 3.40 The Babel package
(/usr/share/texlive/texmf-dist/tex/generic/babel/switch.def
File: switch.def 2020/02/14 3.40 Babel switching mechanism
) (/usr/share/texlive/texmf-dist/tex/generic/babel-german/german.ldf
Language: german 2018/12/08 v2.11 German support for babel (pre-1996 orthograph
y)
(/usr/share/texlive/texmf-dist/tex/generic/babel-german/germanb.ldf
Language: germanb 2018/12/08 v2.11 German support for babel (pre-1996 orthograp
hy)
(/usr/share/texlive/texmf-dist/tex/generic/babel/babel.def
File: babel.def 2020/02/14 3.40 Babel common definitions
\babel@savecnt=\count188
\U@D=\dimen148
(/usr/share/texlive/texmf-dist/tex/generic/babel/txtbabel.def)
\bbl@readstream=\read2
\bbl@dirlevel=\count189
)
Package babel Info: Making " an active character on input line 135.
))) (/usr/share/texlive/texmf-dist/tex/latex/amsmath/amsmath.sty
Package: amsmath 2020/01/20 v2.17e AMS math features
\@mathmargin=\skip50
For additional information on amsmath, use the `?' option.
(/usr/share/texlive/texmf-dist/tex/latex/amsmath/amstext.sty
Package: amstext 2000/06/29 v2.01 AMS text
(/usr/share/texlive/texmf-dist/tex/latex/amsmath/amsgen.sty
File: amsgen.sty 1999/11/30 v2.0 generic functions
\@emptytoks=\toks15
\ex@=\dimen149
)) (/usr/share/texlive/texmf-dist/tex/latex/amsmath/amsbsy.sty
Package: amsbsy 1999/11/29 v1.2d Bold Symbols
\pmbraise@=\dimen150
) (/usr/share/texlive/texmf-dist/tex/latex/amsmath/amsopn.sty
Package: amsopn 2016/03/08 v2.02 operator names
)
\inf@bad=\count190
LaTeX Info: Redefining \frac on input line 227.
\uproot@=\count191
\leftroot@=\count192
LaTeX Info: Redefining \overline on input line 389.
\classnum@=\count193
\DOTSCASE@=\count194
LaTeX Info: Redefining \ldots on input line 486.
LaTeX Info: Redefining \dots on input line 489.
LaTeX Info: Redefining \cdots on input line 610.
\Mathstrutbox@=\box45
\strutbox@=\box46
\big@size=\dimen151
LaTeX Font Info:    Redeclaring font encoding OML on input line 733.
LaTeX Font Info:    Redeclaring font encoding OMS on input line 734.
\macc@depth=\count195
\c@MaxMatrixCols=\count196
\dotsspace@=\muskip17
\c@parentequation=\count197
\dspbrk@lvl=\count198
\tag@help=\toks16
\row@=\count199
\column@=\count266
\maxfields@=\count267
\andhelp@=\toks17
\eqnshift@=\dimen152
\alignsep@=\dimen153
\tagshift@=\dimen154
\tagwidth@=\dimen155
\totwidth@=\dimen156
\lineht@=\dimen157
\@envbody=\toks18
\multlinegap=\skip51
\multlinetaggap=\skip52
\mathdisplay@stack=\toks19
LaTeX Info: Redefining \[ on input line 2859.
LaTeX Info: Redefining \] on input line 2860.
)
Package hyperref Info: Option `colorlinks' set `true' on input line 20.
(/usr/share/texlive/texmf-dist/tex/latex/xcolor/xcolor.sty
Package: xcolor 2016/05/11 v2.12 LaTeX color extensions (UK)
(/usr/share/texlive/texmf-dist/tex/latex/graphics-cfg/color.cfg
File: color.cfg 2016/01/02 v1.6 sample color configuration
)
Package xcolor Info: Driver file: pdftex.def on input line 225.
Package xcolor Info: Model `cmy' substituted by `cmy0' on input line 1348.
Package xcolor Info: Model `hsb' substituted by `rgb' on input line 1352.
Package xcolor Info: Model `RGB' extended on input line 1364.
Package xcolor Info: Model `HTML' substituted by `rgb' on input line 1366.
Package xcolor Info: Model `Hsb' substituted by `hsb' on input line 1367.
Package xcolor Info: Model `tHsb' substituted by `hsb' on input line 1368.
Package xcolor Info: Model `HSB' substituted by `hsb' on input line 1369.
Package xcolor Info: Model `Gray' substituted by `gray' on input line 1370.
Package xcolor Info: Model `wave' substituted by `hsb' on input line 1371.
) (/usr/share/texlive/texmf-dist/tex/latex/base/inputenc.sty
Package: inputenc 2018/08/11 v1.3c Input encoding file
\inpenc@prehook=\toks20
\inpenc@posthook=\toks21
(/usr/share/texlive/texmf-dist/tex/latex/base/latin1.def
File: latin1.def 2018/08/11 v1.3c Input encoding file
))
\sizebox=\box47
\lthtmlwrite=\write3
(/usr/share/texmf/tex/latex/preview/preview.sty
Package: preview 2017/04/24 11.91 (AUCTeX/preview-latex)
(/usr/share/texlive/texmf-dist/tex/generic/luatex85/luatex85.sty
Package: luatex85 2016/06/15 v1.4 pdftex aliases for luatex
) (/usr/share/texmf/tex/latex/preview/prtightpage.def
\PreviewBorder=\dimen158
)
\pr@snippet=\count268
\pr@box=\box48
\pr@output=\toks22
)
\lthtmlPageBox=\box49
\lthtmlCropMarkHeight=\dimen159
\lthtmlCropMarkDepth=\dimen160
(/usr/share/texlive/texmf-dist/tex/latex/l3backend/l3backend-pdfmode.def
File: l3backend-pdfmode.def 2020-02-03 L3 backend support: PDF mode
\l__kernel_color_stack_int=\count269
\l__pdf_internal_box=\box50
) (./images.aux)
\openout1 = `images.aux'.

LaTeX Font Info:    Checking defaults for OML/cmm/m/it on input line 131.
LaTeX Font Info:    ... okay on input line 131.
LaTeX Font Info:    Checking defaults for OMS/cmsy/m/n on input line 131.
LaTeX Font Info:    ... okay on input line 131.
LaTeX Font Info:    Checking defaults for OT1/cmr/m/n on input line 131.
LaTeX Font Info:    ... okay on input line 131.
LaTeX Font Info:    Checking defaults for T1/cmr/m/n on input line 131.
LaTeX Font Info:    ... okay on input line 131.
LaTeX Font Info:    Checking defaults for TS1/cmr/m/n on input line 131.
LaTeX Font Info:    ... okay on input line 131.
LaTeX Font Info:    Checking defaults for OMX/cmex/m/n on input line 131.
LaTeX Font Info:    ... okay on input line 131.
LaTeX Font Info:    Checking defaults for U/cmr/m/n on input line 131.
LaTeX Font Info:    ... okay on input line 131.
LaTeX Font Info:    Checking defaults for PD1/pdf/m/n on input line 131.
LaTeX Font Info:    ... okay on input line 131.
Package caption Info: Begin \AtBeginDocument code.
Package caption Info: hyperref package is loaded.
Package caption Info: End \AtBeginDocument code.
(/usr/share/texlive/texmf-dist/tex/context/base/mkii/supp-pdf.mkii
[Loading MPS to PDF converter (version 2006.09.02).]
\scratchcounter=\count270
\scratchdimen=\dimen161
\scratchbox=\box51
\nofMPsegments=\count271
\nofMParguments=\count272
\everyMPshowfont=\toks23
\MPscratchCnt=\count273
\MPscratchDim=\dimen162
\MPnumerator=\count274
\makeMPintoPDFobject=\count275
\everyMPtoPDFconversion=\toks24
) (/usr/share/texlive/texmf-dist/tex/latex/epstopdf-pkg/epstopdf-base.sty
Package: epstopdf-base 2020-01-24 v2.11 Base part for package epstopdf
(/usr/share/texlive/texmf-dist/tex/latex/grfext/grfext.sty
Package: grfext 2019/12/03 v1.3 Manage graphics extensions (HO)
)
Package epstopdf-base Info: Redefining graphics rule for `.eps' on input line 4
85.
Package grfext Info: Graphics extension search list:
(grfext)             [.pdf,.png,.jpg,.mps,.jpeg,.jbig2,.jb2,.PDF,.PNG,.JPG,.JPE
G,.JBIG2,.JB2,.eps]
(grfext)             \AppendGraphicsExtensions on input line 504.
(/usr/share/texlive/texmf-dist/tex/latex/latexconfig/epstopdf-sys.cfg
File: epstopdf-sys.cfg 2010/07/13 v1.3 Configuration of (r)epstopdf for TeX Liv
e
))
\AtBeginShipoutBox=\box52
Package hyperref Info: Link coloring ON on input line 131.
(/usr/share/texlive/texmf-dist/tex/latex/hyperref/nameref.sty
Package: nameref 2019/09/16 v2.46 Cross-referencing by name of section
(/usr/share/texlive/texmf-dist/tex/latex/refcount/refcount.sty
Package: refcount 2019/12/15 v3.6 Data extraction from label references (HO)
) (/usr/share/texlive/texmf-dist/tex/generic/gettitlestring/gettitlestring.sty
Package: gettitlestring 2019/12/15 v1.6 Cleanup title references (HO)
)
\c@section@level=\count276
)
LaTeX Info: Redefining \ref on input line 131.
LaTeX Info: Redefining \pageref on input line 131.
LaTeX Info: Redefining \nameref on input line 131.
\@outlinefile=\write4
\openout4 = `images.out'.

Preview: Fontsize 12pt
Preview: PDFoutput 1

latex2htmlLength hsize=349.0pt

latex2htmlLength vsize=632.5pt

latex2htmlLength hoffset=0.0pt

latex2htmlLength voffset=0.0pt

latex2htmlLength topmargin=0.0pt

latex2htmlLength topskip=0.00003pt

latex2htmlLength headheight=0.0pt

latex2htmlLength headsep=0.0pt

latex2htmlLength parskip=0.0pt plus 1.0pt

latex2htmlLength oddsidemargin=39.0pt

latex2htmlLength evensidemargin=39.0pt


:tex2html_wrap_inline355:lthtmlCropMarkHeight:=13.73332pt

:tex2html_wrap_inline355:lthtmlCropMarkDepth:=0.0pt:1ex:=5.33331pt
Preview: Tightpage -32891 -32891 32891 32891
[1{/var/lib/texmf/fonts/map/pdftex/updmap/pdftex.map}]

:tex2html_wrap_inline357:lthtmlCropMarkHeight:=13.73332pt

:tex2html_wrap_inline357:lthtmlCropMarkDepth:=0.0pt:1ex:=5.33331pt
[2]
Package epstopdf Info: Source file: <state_action.eps>
(epstopdf)                    date: 2022-04-28 20:41:56
(epstopdf)                    size: 145427 bytes
(epstopdf)             Output file: <state_action-eps-converted-to.pdf>
(epstopdf)                    date: 2022-04-28 20:44:01
(epstopdf)                    size: 29026 bytes
(epstopdf)             Command: <repstopdf --outfile=state_action-eps-converted
-to.pdf state_action.eps>
(epstopdf)             \includegraphics on input line 169.
Package epstopdf Info: Output file is already uptodate.
<state_action-eps-converted-to.pdf, id=12, 1031.855pt x 291.0875pt>
File: state_action-eps-converted-to.pdf Graphic file (type pdf)
<use state_action-eps-converted-to.pdf>
Package pdftex.def Info: state_action-eps-converted-to.pdf  used on input line 
169.
(pdftex.def)             Requested size: 349.0pt x 98.4532pt.

:tex2html_wrap359:lthtmlCropMarkHeight:=104.4532pt

:tex2html_wrap359:lthtmlCropMarkDepth:=0.0pt:1ex:=5.33331pt
[3 </home/bp1/sandbox/q-lernen/state_action-eps-converted-to.pdf>]

:tex2html_wrap_inline364:lthtmlCropMarkHeight:=11.16667pt

:tex2html_wrap_inline364:lthtmlCropMarkDepth:=0.0pt:1ex:=5.33331pt
[4]

:tex2html_wrap_inline366:lthtmlCropMarkHeight:=13.38097pt

:tex2html_wrap_inline366:lthtmlCropMarkDepth:=0.0pt:1ex:=5.33331pt
[5]

:tex2html_wrap_inline368:lthtmlCropMarkHeight:=11.16667pt

:tex2html_wrap_inline368:lthtmlCropMarkDepth:=1.79999pt:1ex:=5.33331pt
[6]

:tex2html_wrap_inline370:lthtmlCropMarkHeight:=11.16667pt

:tex2html_wrap_inline370:lthtmlCropMarkDepth:=0.0pt:1ex:=5.33331pt
[7]

:tex2html_wrap_inline372:lthtmlCropMarkHeight:=13.73332pt

:tex2html_wrap_inline372:lthtmlCropMarkDepth:=0.32pt:1ex:=5.33331pt
[8]

:tex2html_wrap_inline374:lthtmlCropMarkHeight:=13.73332pt

:tex2html_wrap_inline374:lthtmlCropMarkDepth:=0.32pt:1ex:=5.33331pt
[9]

:tex2html_wrap_inline376:lthtmlCropMarkHeight:=13.73332pt

:tex2html_wrap_inline376:lthtmlCropMarkDepth:=0.0pt:1ex:=5.33331pt
[10]

:tex2html_wrap_inline378:lthtmlCropMarkHeight:=11.16667pt

:tex2html_wrap_inline378:lthtmlCropMarkDepth:=0.0pt:1ex:=5.33331pt
[11]

:tex2html_wrap_inline384:lthtmlCropMarkHeight:=11.16667pt

:tex2html_wrap_inline384:lthtmlCropMarkDepth:=2.63336pt:1ex:=5.33331pt
[12]
Package epstopdf Info: Source file: <learning_steps.eps>
(epstopdf)                    date: 2022-04-28 20:43:54
(epstopdf)                    size: 142311 bytes
(epstopdf)             Output file: <learning_steps-eps-converted-to.pdf>
(epstopdf)                    date: 2022-04-28 20:44:01
(epstopdf)                    size: 29520 bytes
(epstopdf)             Command: <repstopdf --outfile=learning_steps-eps-convert
ed-to.pdf learning_steps.eps>
(epstopdf)             \includegraphics on input line 229.
Package epstopdf Info: Output file is already uptodate.
<learning_steps-eps-converted-to.pdf, id=48, 639.38875pt x 367.3725pt>
File: learning_steps-eps-converted-to.pdf Graphic file (type pdf)
<use learning_steps-eps-converted-to.pdf>
Package pdftex.def Info: learning_steps-eps-converted-to.pdf  used on input lin
e 229.
(pdftex.def)             Requested size: 261.75pt x 150.39386pt.

:tex2html_wrap395:lthtmlCropMarkHeight:=156.39386pt

:tex2html_wrap395:lthtmlCropMarkDepth:=0.0pt:1ex:=5.33331pt
[13 </home/bp1/sandbox/q-lernen/learning_steps-eps-converted-to.pdf>]

:tex2html_wrap_inline414:lthtmlCropMarkHeight:=15.0pt

:tex2html_wrap_inline414:lthtmlCropMarkDepth:=3.0pt:1ex:=5.33331pt
[14]

:tex2html_wrap_indisplay422:lthtmlCropMarkHeight:=19.8001pt

:tex2html_wrap_indisplay422:lthtmlCropMarkDepth:=27.45108pt:1ex:=5.33331pt
[15]

:tex2html_wrap_inline424:lthtmlCropMarkHeight:=11.16667pt

:tex2html_wrap_inline424:lthtmlCropMarkDepth:=0.0pt:1ex:=5.33331pt
[16]

:tex2html_wrap_inline426:lthtmlCropMarkHeight:=13.73332pt

:tex2html_wrap_inline426:lthtmlCropMarkDepth:=2.33331pt:1ex:=5.33331pt
[17]

:tex2html_wrap_inline430:lthtmlCropMarkHeight:=13.73332pt

:tex2html_wrap_inline430:lthtmlCropMarkDepth:=2.33331pt:1ex:=5.33331pt
[18]

:tex2html_wrap_inline442:lthtmlCropMarkHeight:=15.0pt

:tex2html_wrap_inline442:lthtmlCropMarkDepth:=3.0pt:1ex:=5.33331pt
[19]

:tex2html_wrap_inline446:lthtmlCropMarkHeight:=15.0pt

:tex2html_wrap_inline446:lthtmlCropMarkDepth:=3.0pt:1ex:=5.33331pt
[20]

:tex2html_wrap_inline448:lthtmlCropMarkHeight:=14.2pt

:tex2html_wrap_inline448:lthtmlCropMarkDepth:=0.0pt:1ex:=5.33331pt
[21]

:tex2html_wrap_inline450:lthtmlCropMarkHeight:=14.33331pt

:tex2html_wrap_inline450:lthtmlCropMarkDepth:=0.0pt:1ex:=5.33331pt
[22]

:tex2html_wrap_indisplay456:lthtmlCropMarkHeight:=27.66672pt

:tex2html_wrap_indisplay456:lthtmlCropMarkDepth:=15.00008pt:1ex:=5.33331pt
[23]

:tex2html_wrap_inline467:lthtmlCropMarkHeight:=15.0pt

:tex2html_wrap_inline467:lthtmlCropMarkDepth:=3.0pt:1ex:=5.33331pt
[24]
Package atveryend Info: Empty hook `BeforeClearDocument' on input line 301.
Package atveryend Info: Empty hook `AfterLastShipout' on input line 301.
(./images.aux)
Package atveryend Info: Executing hook `AtVeryEndDocument' on input line 301.
Package atveryend Info: Executing hook `AtEndAfterFileList' on input line 301.

Package rerunfilecheck Warning: File `images.out' has changed.
(rerunfilecheck)                Rerun to get outlines right
(rerunfilecheck)                or use package `bookmark'.

Package rerunfilecheck Info: Checksums for `images.out':
(rerunfilecheck)             Before: <no file>
(rerunfilecheck)             After:  D41D8CD98F00B204E9800998ECF8427E;0.
Package atveryend Info: Empty hook `AtVeryVeryEnd' on input line 301.
 ) 
Here is how much of TeX's memory you used:
 8270 strings out of 481239
 125636 string characters out of 5920377
 397080 words of memory out of 5000000
 23387 multiletter control sequences out of 15000+600000
 536655 words of font info for 39 fonts, out of 8000000 for 9000
 1141 hyphenation exceptions out of 8191
 41i,11n,42p,361b,345s stack positions out of 5000i,500n,10000p,200000b,80000s
</usr/share/texlive/texmf-dist/fonts/type1/public/amsfonts/cm/cmex10.pfb></us
r/share/texlive/texmf-dist/fonts/type1/public/amsfonts/cm/cmmi12.pfb></usr/shar
e/texlive/texmf-dist/fonts/type1/public/amsfonts/cm/cmmi8.pfb></usr/share/texli
ve/texmf-dist/fonts/type1/public/amsfonts/cm/cmr12.pfb></usr/share/texlive/texm
f-dist/fonts/type1/public/amsfonts/cm/cmr8.pfb></usr/share/texlive/texmf-dist/f
onts/type1/public/amsfonts/cm/cmsy10.pfb></usr/share/texlive/texmf-dist/fonts/t
ype1/public/amsfonts/cm/cmsy6.pfb></usr/share/texlive/texmf-dist/fonts/type1/pu
blic/amsfonts/cm/cmsy8.pfb>
Output written on images.pdf (24 pages, 127599 bytes).
PDF statistics:
 120 PDF objects out of 1000 (max. 8388607)
 83 compressed objects within 1 object stream
 0 named destinations out of 1000 (max. 500000)
 11 words of extra memory for PDF output out of 10000 (max. 10000000)

